  main.cpp
  ofApp.cpp
  handTrack.cpp
  orbitCam.cpp
  puppet.cpp
  puppetPart.cpp
  world.cpp
C:\Program Files\Openframeworks\libs\openFrameworks\math\ofMatrix4x4.h(326,20): warning C4267: 'argument': conversion from 'size_t' to 'int', possible loss of data (compiling source file src\puppet.cpp)
C:\Program Files\Openframeworks\libs\openFrameworks\math\ofMatrix4x4.h(331,20): warning C4267: 'argument': conversion from 'size_t' to 'int', possible loss of data (compiling source file src\puppet.cpp)
C:\Program Files\Openframeworks\libs\openFrameworks\math\ofMatrix4x4.h(912,11): warning C4267: 'argument': conversion from 'size_t' to 'int', possible loss of data (compiling source file src\puppet.cpp)
C:\Program Files\Openframeworks\libs\openFrameworks\math\ofMatrix4x4.h(913,11): warning C4267: 'argument': conversion from 'size_t' to 'int', possible loss of data (compiling source file src\puppet.cpp)
C:\Program Files\Openframeworks\libs\openFrameworks\math\ofMatrix4x4.h(914,11): warning C4267: 'argument': conversion from 'size_t' to 'int', possible loss of data (compiling source file src\puppet.cpp)
C:\Program Files\Openframeworks\libs\openFrameworks\math\ofMatrix4x4.h(915,11): warning C4267: 'argument': conversion from 'size_t' to 'int', possible loss of data (compiling source file src\puppet.cpp)
C:\Program Files\Openframeworks\libs\openFrameworks\math\ofMatrix4x4.h(326,20): warning C4267: 'argument': conversion from 'size_t' to 'int', possible loss of data (compiling source file src\puppetPart.cpp)
C:\Program Files\Openframeworks\libs\openFrameworks\math\ofMatrix4x4.h(331,20): warning C4267: 'argument': conversion from 'size_t' to 'int', possible loss of data (compiling source file src\puppetPart.cpp)
C:\Program Files\Openframeworks\libs\openFrameworks\math\ofMatrix4x4.h(912,11): warning C4267: 'argument': conversion from 'size_t' to 'int', possible loss of data (compiling source file src\puppetPart.cpp)
C:\Program Files\Openframeworks\libs\openFrameworks\math\ofMatrix4x4.h(913,11): warning C4267: 'argument': conversion from 'size_t' to 'int', possible loss of data (compiling source file src\puppetPart.cpp)
C:\Program Files\Openframeworks\libs\openFrameworks\math\ofMatrix4x4.h(914,11): warning C4267: 'argument': conversion from 'size_t' to 'int', possible loss of data (compiling source file src\puppetPart.cpp)
C:\Program Files\Openframeworks\libs\openFrameworks\math\ofMatrix4x4.h(915,11): warning C4267: 'argument': conversion from 'size_t' to 'int', possible loss of data (compiling source file src\puppetPart.cpp)
C:\Program Files\Openframeworks\libs\openFrameworks\math\ofMatrix4x4.h(326,20): warning C4267: 'argument': conversion from 'size_t' to 'int', possible loss of data (compiling source file src\ofApp.cpp)
C:\Program Files\Openframeworks\libs\openFrameworks\math\ofMatrix4x4.h(331,20): warning C4267: 'argument': conversion from 'size_t' to 'int', possible loss of data (compiling source file src\ofApp.cpp)
C:\Program Files\Openframeworks\libs\openFrameworks\math\ofMatrix4x4.h(912,11): warning C4267: 'argument': conversion from 'size_t' to 'int', possible loss of data (compiling source file src\ofApp.cpp)
C:\Program Files\Openframeworks\libs\openFrameworks\math\ofMatrix4x4.h(913,11): warning C4267: 'argument': conversion from 'size_t' to 'int', possible loss of data (compiling source file src\ofApp.cpp)
C:\Program Files\Openframeworks\libs\openFrameworks\math\ofMatrix4x4.h(914,11): warning C4267: 'argument': conversion from 'size_t' to 'int', possible loss of data (compiling source file src\ofApp.cpp)
C:\Program Files\Openframeworks\libs\openFrameworks\math\ofMatrix4x4.h(915,11): warning C4267: 'argument': conversion from 'size_t' to 'int', possible loss of data (compiling source file src\ofApp.cpp)
C:\Program Files\Openframeworks\libs\openFrameworks\math\ofMatrix4x4.h(326,20): warning C4267: 'argument': conversion from 'size_t' to 'int', possible loss of data (compiling source file src\orbitCam.cpp)
C:\Program Files\Openframeworks\libs\openFrameworks\math\ofMatrix4x4.h(331,20): warning C4267: 'argument': conversion from 'size_t' to 'int', possible loss of data (compiling source file src\orbitCam.cpp)
C:\Program Files\Openframeworks\libs\openFrameworks\math\ofMatrix4x4.h(912,11): warning C4267: 'argument': conversion from 'size_t' to 'int', possible loss of data (compiling source file src\orbitCam.cpp)
C:\Program Files\Openframeworks\libs\openFrameworks\math\ofMatrix4x4.h(913,11): warning C4267: 'argument': conversion from 'size_t' to 'int', possible loss of data (compiling source file src\orbitCam.cpp)
C:\Program Files\Openframeworks\libs\openFrameworks\math\ofMatrix4x4.h(914,11): warning C4267: 'argument': conversion from 'size_t' to 'int', possible loss of data (compiling source file src\orbitCam.cpp)
C:\Program Files\Openframeworks\libs\openFrameworks\math\ofMatrix4x4.h(915,11): warning C4267: 'argument': conversion from 'size_t' to 'int', possible loss of data (compiling source file src\orbitCam.cpp)
C:\Program Files\Openframeworks\libs\openFrameworks\math\ofMatrix4x4.h(326,20): warning C4267: 'argument': conversion from 'size_t' to 'int', possible loss of data (compiling source file src\handTrack.cpp)
C:\Program Files\Openframeworks\libs\openFrameworks\math\ofMatrix4x4.h(331,20): warning C4267: 'argument': conversion from 'size_t' to 'int', possible loss of data (compiling source file src\handTrack.cpp)
C:\Program Files\Openframeworks\libs\openFrameworks\math\ofMatrix4x4.h(912,11): warning C4267: 'argument': conversion from 'size_t' to 'int', possible loss of data (compiling source file src\handTrack.cpp)
C:\Program Files\Openframeworks\libs\openFrameworks\math\ofMatrix4x4.h(913,11): warning C4267: 'argument': conversion from 'size_t' to 'int', possible loss of data (compiling source file src\handTrack.cpp)
C:\Program Files\Openframeworks\libs\openFrameworks\math\ofMatrix4x4.h(914,11): warning C4267: 'argument': conversion from 'size_t' to 'int', possible loss of data (compiling source file src\handTrack.cpp)
C:\Program Files\Openframeworks\libs\openFrameworks\math\ofMatrix4x4.h(915,11): warning C4267: 'argument': conversion from 'size_t' to 'int', possible loss of data (compiling source file src\handTrack.cpp)
C:\Program Files\Openframeworks\libs\openFrameworks\math\ofMatrix4x4.h(326,20): warning C4267: 'argument': conversion from 'size_t' to 'int', possible loss of data (compiling source file src\main.cpp)
C:\Program Files\Openframeworks\libs\openFrameworks\math\ofMatrix4x4.h(331,20): warning C4267: 'argument': conversion from 'size_t' to 'int', possible loss of data (compiling source file src\main.cpp)
C:\Program Files\Openframeworks\libs\openFrameworks\math\ofMatrix4x4.h(912,11): warning C4267: 'argument': conversion from 'size_t' to 'int', possible loss of data (compiling source file src\main.cpp)
C:\Program Files\Openframeworks\libs\openFrameworks\math\ofMatrix4x4.h(913,11): warning C4267: 'argument': conversion from 'size_t' to 'int', possible loss of data (compiling source file src\main.cpp)
C:\Program Files\Openframeworks\libs\openFrameworks\math\ofMatrix4x4.h(914,11): warning C4267: 'argument': conversion from 'size_t' to 'int', possible loss of data (compiling source file src\main.cpp)
C:\Program Files\Openframeworks\libs\openFrameworks\math\ofMatrix4x4.h(915,11): warning C4267: 'argument': conversion from 'size_t' to 'int', possible loss of data (compiling source file src\main.cpp)
C:\Program Files\Openframeworks\libs\openFrameworks\math\ofMatrix4x4.h(326,20): warning C4267: 'argument': conversion from 'size_t' to 'int', possible loss of data (compiling source file src\world.cpp)
C:\Program Files\Openframeworks\libs\openFrameworks\math\ofMatrix4x4.h(331,20): warning C4267: 'argument': conversion from 'size_t' to 'int', possible loss of data (compiling source file src\world.cpp)
C:\Program Files\Openframeworks\libs\openFrameworks\math\ofMatrix4x4.h(912,11): warning C4267: 'argument': conversion from 'size_t' to 'int', possible loss of data (compiling source file src\world.cpp)
C:\Program Files\Openframeworks\libs\openFrameworks\math\ofMatrix4x4.h(913,11): warning C4267: 'argument': conversion from 'size_t' to 'int', possible loss of data (compiling source file src\world.cpp)
C:\Program Files\Openframeworks\libs\openFrameworks\math\ofMatrix4x4.h(914,11): warning C4267: 'argument': conversion from 'size_t' to 'int', possible loss of data (compiling source file src\world.cpp)
C:\Program Files\Openframeworks\libs\openFrameworks\math\ofMatrix4x4.h(915,11): warning C4267: 'argument': conversion from 'size_t' to 'int', possible loss of data (compiling source file src\world.cpp)
C:\Program Files\Openframeworks\apps\myApps\PuppetParlour\src\world.cpp(43,10): warning C4996: 'ofxAssimpModelLoader::loadModel': ofxAssimpModelLoader::loadModel() is deprecated, use load() instead.
C:\Program Files\Openframeworks\apps\myApps\PuppetParlour\src\ofApp.h(227,4): warning C4091: 'typedef ': ignored on left of 'ofApp::TexMesh' when no variable is declared (compiling source file src\main.cpp)
C:\Program Files\Openframeworks\apps\myApps\PuppetParlour\src\puppetPart.cpp(114,11): warning C4996: 'ofImage_<unsigned char>::bAllocated': Use isAllocated()
C:\Program Files\Openframeworks\apps\myApps\PuppetParlour\src\puppetPart.cpp(138,11): warning C4996: 'ofImage_<unsigned char>::bAllocated': Use isAllocated()
C:\Program Files\Openframeworks\apps\myApps\PuppetParlour\src\ofApp.h(227,4): warning C4091: 'typedef ': ignored on left of 'ofApp::TexMesh' when no variable is declared (compiling source file src\ofApp.cpp)
C:\Program Files\Openframeworks\apps\myApps\PuppetParlour\src\ofApp.cpp(349,10): warning C4996: 'ofxAssimpModelLoader::loadModel': ofxAssimpModelLoader::loadModel() is deprecated, use load() instead.
C:\Program Files\Openframeworks\apps\myApps\PuppetParlour\src\ofApp.cpp(353,11): warning C4996: 'ofxAssimpModelLoader::loadModel': ofxAssimpModelLoader::loadModel() is deprecated, use load() instead.
C:\Program Files\Openframeworks\apps\myApps\PuppetParlour\src\ofApp.cpp(362,10): warning C4996: 'ofxAssimpModelLoader::loadModel': ofxAssimpModelLoader::loadModel() is deprecated, use load() instead.
C:\Program Files\Openframeworks\apps\myApps\PuppetParlour\src\ofApp.cpp(565,15): warning C4996: 'ofNode::rotate': Use the Deg/Rad version.
C:\Program Files\Openframeworks\apps\myApps\PuppetParlour\src\ofApp.cpp(660,6): warning C4996: 'ofRotateY': Use ofRotateYDeg or ofRotateYRad
C:\Program Files\Openframeworks\apps\myApps\PuppetParlour\src\ofApp.cpp(688,7): warning C4996: 'ofRotateY': Use ofRotateYDeg or ofRotateYRad
C:\Program Files\Openframeworks\apps\myApps\PuppetParlour\src\ofApp.cpp(767,6): warning C4996: 'ofRotateZ': Use ofRotateZDeg or ofRotateZRad
C:\Program Files\Openframeworks\apps\myApps\PuppetParlour\src\ofApp.cpp(768,61): warning C4996: 'ofImage_<unsigned char>::getTextureReference': Use getTexture
C:\Program Files\Openframeworks\apps\myApps\PuppetParlour\src\ofApp.cpp(788,9): warning C4996: 'ofRotateY': Use ofRotateYDeg or ofRotateYRad
C:\Program Files\Openframeworks\apps\myApps\PuppetParlour\src\ofApp.cpp(733,12): warning C4101: 'dist': unreferenced local variable
C:\Program Files\Openframeworks\apps\myApps\PuppetParlour\src\ofApp.cpp(840,2): warning C4996: 'ofRotateY': Use ofRotateYDeg or ofRotateYRad
C:\Program Files\Openframeworks\apps\myApps\PuppetParlour\src\ofApp.cpp(901,22): warning C4996: 'ofNode::getOrientationEuler': Use the Deg/Rad version.
C:\Program Files\Openframeworks\apps\myApps\PuppetParlour\src\ofApp.cpp(919,2): warning C4996: 'ofRotateY': Use ofRotateYDeg or ofRotateYRad
C:\Program Files\Openframeworks\apps\myApps\PuppetParlour\src\ofApp.cpp(1033,4): warning C4996: 'ofRotateY': Use ofRotateYDeg or ofRotateYRad
C:\Program Files\Openframeworks\apps\myApps\PuppetParlour\src\ofApp.cpp(1070,3): warning C4996: 'ofRotateY': Use ofRotateYDeg or ofRotateYRad
C:\Program Files\Openframeworks\apps\myApps\PuppetParlour\src\ofApp.cpp(1152,5): warning C4996: 'ofRotateZ': Use ofRotateZDeg or ofRotateZRad
C:\Program Files\Openframeworks\apps\myApps\PuppetParlour\src\ofApp.cpp(1296,9): warning C4101: 'distance': unreferenced local variable
C:\Program Files\Openframeworks\apps\myApps\PuppetParlour\src\puppet.cpp(28,21): warning C4996: 'ofxAssimpModelLoader::loadModel': ofxAssimpModelLoader::loadModel() is deprecated, use load() instead.
C:\Program Files\Openframeworks\apps\myApps\PuppetParlour\src\puppet.cpp(88,6): warning C4996: 'ofTrueTypeFont::loadFont': Use load instead
C:\Program Files\Openframeworks\apps\myApps\PuppetParlour\src\puppet.cpp(185,4): warning C4996: 'ofRotateX': Use ofRotateXDeg or ofRotateXRad
C:\Program Files\Openframeworks\libs\openFrameworks\3d\ofMesh.inl(1981,52): warning C4267: 'argument': conversion from 'size_t' to 'ofIndexType', possible loss of data (compiling source file src\ofApp.cpp)
C:\Program Files\Openframeworks\libs\openFrameworks\3d\ofMesh.inl(1931,115): message : while compiling class template member function 'ofMesh_<ofDefaultVertexType,ofDefaultNormalType,ofDefaultColorType,ofDefaultTexCoordType> ofMesh_<ofDefaultVertexType,ofDefaultNormalType,ofDefaultColorType,ofDefaultTexCoordType>::plane(float,float,int,int,ofPrimitiveMode)' (compiling source file src\ofApp.cpp)
C:\Program Files\Openframeworks\apps\myApps\PuppetParlour\src\ofApp.cpp(408,9): message : see the first reference to 'ofMesh_<ofDefaultVertexType,ofDefaultNormalType,ofDefaultColorType,ofDefaultTexCoordType>::plane' in 'ofApp::setup'
C:\Program Files\Openframeworks\libs\openFrameworks\3d\of3dPrimitives.h(71,20): message : see reference to class template instantiation 'ofMesh_<ofDefaultVertexType,ofDefaultNormalType,ofDefaultColorType,ofDefaultTexCoordType>' being compiled (compiling source file src\ofApp.cpp)
C:\Program Files\Openframeworks\apps\myApps\PuppetParlour\src\ofApp.cpp(990): warning C4715: 'ofApp::getMouthAngle': not all control paths return a value
  ofxAssimpAnimation.cpp
  ofxAssimpMeshHelper.cpp
  ofxAssimpModelLoader.cpp
  ofxAssimpTexture.cpp
C:\Program Files\Openframeworks\addons\ofxAssimpModelLoader\src\ofxAssimpTexture.cpp(31,6): warning C4551: function call missing argument list
C:\Program Files\Openframeworks\libs\openFrameworks\math\ofMatrix4x4.h(326,20): warning C4267: 'argument': conversion from 'size_t' to 'int', possible loss of data (compiling source file ..\..\..\addons\ofxAssimpModelLoader\src\ofxAssimpMeshHelper.cpp)
C:\Program Files\Openframeworks\libs\openFrameworks\math\ofMatrix4x4.h(331,20): warning C4267: 'argument': conversion from 'size_t' to 'int', possible loss of data (compiling source file ..\..\..\addons\ofxAssimpModelLoader\src\ofxAssimpMeshHelper.cpp)
C:\Program Files\Openframeworks\libs\openFrameworks\math\ofMatrix4x4.h(326,20): warning C4267: 'argument': conversion from 'size_t' to 'int', possible loss of data (compiling source file ..\..\..\addons\ofxAssimpModelLoader\src\ofxAssimpModelLoader.cpp)
C:\Program Files\Openframeworks\libs\openFrameworks\math\ofMatrix4x4.h(912,11): warning C4267: 'argument': conversion from 'size_t' to 'int', possible loss of data (compiling source file ..\..\..\addons\ofxAssimpModelLoader\src\ofxAssimpMeshHelper.cpp)
C:\Program Files\Openframeworks\libs\openFrameworks\math\ofMatrix4x4.h(331,20): warning C4267: 'argument': conversion from 'size_t' to 'int', possible loss of data (compiling source file ..\..\..\addons\ofxAssimpModelLoader\src\ofxAssimpModelLoader.cpp)
C:\Program Files\Openframeworks\libs\openFrameworks\math\ofMatrix4x4.h(913,11): warning C4267: 'argument': conversion from 'size_t' to 'int', possible loss of data (compiling source file ..\..\..\addons\ofxAssimpModelLoader\src\ofxAssimpMeshHelper.cpp)
C:\Program Files\Openframeworks\libs\openFrameworks\math\ofMatrix4x4.h(914,11): warning C4267: 'argument': conversion from 'size_t' to 'int', possible loss of data (compiling source file ..\..\..\addons\ofxAssimpModelLoader\src\ofxAssimpMeshHelper.cpp)
C:\Program Files\Openframeworks\libs\openFrameworks\math\ofMatrix4x4.h(915,11): warning C4267: 'argument': conversion from 'size_t' to 'int', possible loss of data (compiling source file ..\..\..\addons\ofxAssimpModelLoader\src\ofxAssimpMeshHelper.cpp)
C:\Program Files\Openframeworks\libs\openFrameworks\math\ofMatrix4x4.h(912,11): warning C4267: 'argument': conversion from 'size_t' to 'int', possible loss of data (compiling source file ..\..\..\addons\ofxAssimpModelLoader\src\ofxAssimpModelLoader.cpp)
C:\Program Files\Openframeworks\libs\openFrameworks\math\ofMatrix4x4.h(913,11): warning C4267: 'argument': conversion from 'size_t' to 'int', possible loss of data (compiling source file ..\..\..\addons\ofxAssimpModelLoader\src\ofxAssimpModelLoader.cpp)
C:\Program Files\Openframeworks\libs\openFrameworks\math\ofMatrix4x4.h(914,11): warning C4267: 'argument': conversion from 'size_t' to 'int', possible loss of data (compiling source file ..\..\..\addons\ofxAssimpModelLoader\src\ofxAssimpModelLoader.cpp)
C:\Program Files\Openframeworks\libs\openFrameworks\math\ofMatrix4x4.h(915,11): warning C4267: 'argument': conversion from 'size_t' to 'int', possible loss of data (compiling source file ..\..\..\addons\ofxAssimpModelLoader\src\ofxAssimpModelLoader.cpp)
C:\Program Files\Openframeworks\addons\ofxAssimpModelLoader\src\ofxAssimpModelLoader.cpp(47,9): warning C4996: 'ofxAssimpModelLoader::load': ofxAssimpModelLoader::load(std::string modelName, bool bOptimize) is deprecated, use load(std::string modelName, int assimpOptimizeFlags) instead.
C:\Program Files\Openframeworks\addons\ofxAssimpModelLoader\src\ofxAssimpModelLoader.cpp(52,9): warning C4996: 'ofxAssimpModelLoader::load': ofxAssimpModelLoader::load(ofBuffer & buffer, bool optimize=false, const char * extension=) is deprecated, use load(std::string modelName, int assimpOptimizeFlags) instead.
C:\Program Files\Openframeworks\addons\ofxAssimpModelLoader\src\ofxAssimpModelLoader.cpp(369,9): warning C4551: function call missing argument list
C:\Program Files\Openframeworks\addons\ofxAssimpModelLoader\src\ofxAssimpModelLoader.cpp(527,77): warning C4267: 'argument': conversion from 'size_t' to 'int', possible loss of data
C:\Program Files\Openframeworks\addons\ofxAssimpModelLoader\src\ofxAssimpModelLoader.cpp(707,24): warning C4267: 'return': conversion from 'size_t' to 'unsigned int', possible loss of data
C:\Program Files\Openframeworks\addons\ofxAssimpModelLoader\src\ofxAssimpModelLoader.cpp(798,25): warning C4267: 'return': conversion from 'size_t' to 'unsigned int', possible loss of data
C:\Program Files\Openframeworks\addons\ofxAssimpModelLoader\src\ofxAssimpModelLoader.cpp(878,12): warning C4267: 'initializing': conversion from 'size_t' to 'int', possible loss of data
C:\Program Files\Openframeworks\addons\ofxAssimpModelLoader\src\ofxAssimpModelLoader.cpp(964,55): warning C4267: 'argument': conversion from 'size_t' to 'int', possible loss of data
C:\Program Files\Openframeworks\addons\ofxAssimpModelLoader\src\ofxAssimpModelLoader.cpp(1216,22): warning C4267: 'return': conversion from 'size_t' to 'int', possible loss of data
  ofxOscBundle.cpp
  ofxOscMessage.cpp
  ofxOscParameterSync.cpp
  ofxOscReceiver.cpp
  ofxOscSender.cpp
C:\Program Files\Openframeworks\addons\ofxOsc\src\ofxOscBundle.cpp(48,21): warning C4267: 'return': conversion from 'size_t' to 'int', possible loss of data
C:\Program Files\Openframeworks\addons\ofxOsc\src\ofxOscBundle.cpp(53,22): warning C4267: 'return': conversion from 'size_t' to 'int', possible loss of data
  IpEndpointName.cpp
C:\Program Files\Openframeworks\addons\ofxOsc\libs\oscpack\src\ip\IpEndpointName.cpp(54,8): warning C4996: 'sprintf': This function or variable may be unsafe. Consider using sprintf_s instead. To disable deprecation, use _CRT_SECURE_NO_WARNINGS. See online help for details.
C:\Program Files\Openframeworks\addons\ofxOsc\libs\oscpack\src\ip\IpEndpointName.cpp(56,8): warning C4996: 'sprintf': This function or variable may be unsafe. Consider using sprintf_s instead. To disable deprecation, use _CRT_SECURE_NO_WARNINGS. See online help for details.
C:\Program Files\Openframeworks\addons\ofxOsc\libs\oscpack\src\ip\IpEndpointName.cpp(69,9): warning C4996: 'sprintf': This function or variable may be unsafe. Consider using sprintf_s instead. To disable deprecation, use _CRT_SECURE_NO_WARNINGS. See online help for details.
C:\Program Files\Openframeworks\addons\ofxOsc\libs\oscpack\src\ip\IpEndpointName.cpp(71,9): warning C4996: 'sprintf': This function or variable may be unsafe. Consider using sprintf_s instead. To disable deprecation, use _CRT_SECURE_NO_WARNINGS. See online help for details.
C:\Program Files\Openframeworks\addons\ofxOsc\libs\oscpack\src\ip\IpEndpointName.cpp(79,9): warning C4996: 'sprintf': This function or variable may be unsafe. Consider using sprintf_s instead. To disable deprecation, use _CRT_SECURE_NO_WARNINGS. See online help for details.
C:\Program Files\Openframeworks\addons\ofxOsc\libs\oscpack\src\ip\IpEndpointName.cpp(81,9): warning C4996: 'sprintf': This function or variable may be unsafe. Consider using sprintf_s instead. To disable deprecation, use _CRT_SECURE_NO_WARNINGS. See online help for details.
  NetworkingUtils.cpp
  UdpSocket.cpp
C:\Program Files\Openframeworks\addons\ofxOsc\libs\oscpack\src\ip\win32\NetworkingUtils.cpp(88,25): warning C4996: 'gethostbyname': Use getaddrinfo() or GetAddrInfoW() instead or define _WINSOCK_DEPRECATED_NO_WARNINGS to disable deprecated API warnings
  OscOutboundPacketStream.cpp
  OscPrintReceivedElements.cpp
  OscReceivedElements.cpp
  OscTypes.cpp
C:\Program Files\Openframeworks\addons\ofxOsc\libs\oscpack\src\osc\OscOutboundPacketStream.cpp(363,10): warning C4996: 'strcpy': This function or variable may be unsafe. Consider using strcpy_s instead. To disable deprecation, use _CRT_SECURE_NO_WARNINGS. See online help for details.
C:\Program Files\Openframeworks\addons\ofxOsc\libs\oscpack\src\osc\OscOutboundPacketStream.cpp(605,10): warning C4996: 'strcpy': This function or variable may be unsafe. Consider using strcpy_s instead. To disable deprecation, use _CRT_SECURE_NO_WARNINGS. See online help for details.
C:\Program Files\Openframeworks\addons\ofxOsc\libs\oscpack\src\osc\OscOutboundPacketStream.cpp(625,10): warning C4996: 'strcpy': This function or variable may be unsafe. Consider using strcpy_s instead. To disable deprecation, use _CRT_SECURE_NO_WARNINGS. See online help for details.
C:\Program Files\Openframeworks\addons\ofxOsc\libs\oscpack\src\osc\OscPrintReceivedElements.cpp(129,47): warning C4996: 'ctime': This function or variable may be unsafe. Consider using ctime_s instead. To disable deprecation, use _CRT_SECURE_NO_WARNINGS. See online help for details.
  Mousepicker.cpp
  Plane.cpp
  Ray.cpp
  Ray2D.cpp
C:\Program Files\Openframeworks\libs\openFrameworks\math\ofMatrix4x4.h(326,20): warning C4267: 'argument': conversion from 'size_t' to 'int', possible loss of data (compiling source file ..\..\..\addons\ofxRaycaster\src\Ray2D.cpp)
C:\Program Files\Openframeworks\libs\openFrameworks\math\ofMatrix4x4.h(331,20): warning C4267: 'argument': conversion from 'size_t' to 'int', possible loss of data (compiling source file ..\..\..\addons\ofxRaycaster\src\Ray2D.cpp)
C:\Program Files\Openframeworks\libs\openFrameworks\math\ofMatrix4x4.h(912,11): warning C4267: 'argument': conversion from 'size_t' to 'int', possible loss of data (compiling source file ..\..\..\addons\ofxRaycaster\src\Ray2D.cpp)
C:\Program Files\Openframeworks\libs\openFrameworks\math\ofMatrix4x4.h(913,11): warning C4267: 'argument': conversion from 'size_t' to 'int', possible loss of data (compiling source file ..\..\..\addons\ofxRaycaster\src\Ray2D.cpp)
C:\Program Files\Openframeworks\libs\openFrameworks\math\ofMatrix4x4.h(914,11): warning C4267: 'argument': conversion from 'size_t' to 'int', possible loss of data (compiling source file ..\..\..\addons\ofxRaycaster\src\Ray2D.cpp)
C:\Program Files\Openframeworks\libs\openFrameworks\math\ofMatrix4x4.h(915,11): warning C4267: 'argument': conversion from 'size_t' to 'int', possible loss of data (compiling source file ..\..\..\addons\ofxRaycaster\src\Ray2D.cpp)
C:\Program Files\Openframeworks\libs\openFrameworks\math\ofMatrix4x4.h(326,20): warning C4267: 'argument': conversion from 'size_t' to 'int', possible loss of data (compiling source file ..\..\..\addons\ofxRaycaster\src\Plane.cpp)
C:\Program Files\Openframeworks\libs\openFrameworks\math\ofMatrix4x4.h(331,20): warning C4267: 'argument': conversion from 'size_t' to 'int', possible loss of data (compiling source file ..\..\..\addons\ofxRaycaster\src\Plane.cpp)
C:\Program Files\Openframeworks\libs\openFrameworks\math\ofMatrix4x4.h(912,11): warning C4267: 'argument': conversion from 'size_t' to 'int', possible loss of data (compiling source file ..\..\..\addons\ofxRaycaster\src\Plane.cpp)
C:\Program Files\Openframeworks\libs\openFrameworks\math\ofMatrix4x4.h(913,11): warning C4267: 'argument': conversion from 'size_t' to 'int', possible loss of data (compiling source file ..\..\..\addons\ofxRaycaster\src\Plane.cpp)
C:\Program Files\Openframeworks\libs\openFrameworks\math\ofMatrix4x4.h(914,11): warning C4267: 'argument': conversion from 'size_t' to 'int', possible loss of data (compiling source file ..\..\..\addons\ofxRaycaster\src\Plane.cpp)
C:\Program Files\Openframeworks\libs\openFrameworks\math\ofMatrix4x4.h(915,11): warning C4267: 'argument': conversion from 'size_t' to 'int', possible loss of data (compiling source file ..\..\..\addons\ofxRaycaster\src\Plane.cpp)
C:\Program Files\Openframeworks\libs\openFrameworks\math\ofMatrix4x4.h(326,20): warning C4267: 'argument': conversion from 'size_t' to 'int', possible loss of data (compiling source file ..\..\..\addons\ofxRaycaster\src\Mousepicker.cpp)
C:\Program Files\Openframeworks\libs\openFrameworks\math\ofMatrix4x4.h(331,20): warning C4267: 'argument': conversion from 'size_t' to 'int', possible loss of data (compiling source file ..\..\..\addons\ofxRaycaster\src\Mousepicker.cpp)
C:\Program Files\Openframeworks\libs\openFrameworks\math\ofMatrix4x4.h(912,11): warning C4267: 'argument': conversion from 'size_t' to 'int', possible loss of data (compiling source file ..\..\..\addons\ofxRaycaster\src\Mousepicker.cpp)
C:\Program Files\Openframeworks\libs\openFrameworks\math\ofMatrix4x4.h(913,11): warning C4267: 'argument': conversion from 'size_t' to 'int', possible loss of data (compiling source file ..\..\..\addons\ofxRaycaster\src\Mousepicker.cpp)
C:\Program Files\Openframeworks\libs\openFrameworks\math\ofMatrix4x4.h(914,11): warning C4267: 'argument': conversion from 'size_t' to 'int', possible loss of data (compiling source file ..\..\..\addons\ofxRaycaster\src\Mousepicker.cpp)
C:\Program Files\Openframeworks\libs\openFrameworks\math\ofMatrix4x4.h(915,11): warning C4267: 'argument': conversion from 'size_t' to 'int', possible loss of data (compiling source file ..\..\..\addons\ofxRaycaster\src\Mousepicker.cpp)
C:\Program Files\Openframeworks\libs\openFrameworks\math\ofMatrix4x4.h(326,20): warning C4267: 'argument': conversion from 'size_t' to 'int', possible loss of data (compiling source file ..\..\..\addons\ofxRaycaster\src\Ray.cpp)
C:\Program Files\Openframeworks\libs\openFrameworks\math\ofMatrix4x4.h(331,20): warning C4267: 'argument': conversion from 'size_t' to 'int', possible loss of data (compiling source file ..\..\..\addons\ofxRaycaster\src\Ray.cpp)
C:\Program Files\Openframeworks\libs\openFrameworks\math\ofMatrix4x4.h(912,11): warning C4267: 'argument': conversion from 'size_t' to 'int', possible loss of data (compiling source file ..\..\..\addons\ofxRaycaster\src\Ray.cpp)
C:\Program Files\Openframeworks\libs\openFrameworks\math\ofMatrix4x4.h(913,11): warning C4267: 'argument': conversion from 'size_t' to 'int', possible loss of data (compiling source file ..\..\..\addons\ofxRaycaster\src\Ray.cpp)
C:\Program Files\Openframeworks\libs\openFrameworks\math\ofMatrix4x4.h(914,11): warning C4267: 'argument': conversion from 'size_t' to 'int', possible loss of data (compiling source file ..\..\..\addons\ofxRaycaster\src\Ray.cpp)
C:\Program Files\Openframeworks\libs\openFrameworks\math\ofMatrix4x4.h(915,11): warning C4267: 'argument': conversion from 'size_t' to 'int', possible loss of data (compiling source file ..\..\..\addons\ofxRaycaster\src\Ray.cpp)
C:\Program Files\Openframeworks\libs\openFrameworks\3d\ofMesh.inl(1665,21): warning C4267: 'argument': conversion from 'size_t' to 'ofIndexType', possible loss of data (compiling source file ..\..\..\addons\ofxRaycaster\src\Ray.cpp)
C:\Program Files\Openframeworks\libs\openFrameworks\3d\ofMesh.inl(1647,83): message : while compiling class template member function 'const std::vector<ofMeshFace_<ofDefaultVertexType,ofDefaultNormalType,ofDefaultColorType,ofDefaultTexCoordType>,std::allocator<ofMeshFace_<ofDefaultVertexType,ofDefaultNormalType,ofDefaultColorType,ofDefaultTexCoordType>>> &ofMesh_<ofDefaultVertexType,ofDefaultNormalType,ofDefaultColorType,ofDefaultTexCoordType>::getUniqueFaces(void) const' (compiling source file ..\..\..\addons\ofxRaycaster\src\Ray.cpp)
C:\Program Files\Openframeworks\addons\ofxRaycaster\src\Ray.cpp(77,69): message : see the first reference to 'ofMesh_<ofDefaultVertexType,ofDefaultNormalType,ofDefaultColorType,ofDefaultTexCoordType>::getUniqueFaces' in 'ofxraycaster::Ray::intersectsPrimitive'
C:\Program Files\Openframeworks\libs\openFrameworks\3d\of3dPrimitives.h(71,20): message : see reference to class template instantiation 'ofMesh_<ofDefaultVertexType,ofDefaultNormalType,ofDefaultColorType,ofDefaultTexCoordType>' being compiled (compiling source file ..\..\..\addons\ofxRaycaster\src\Ray.cpp)
C:\Program Files\Openframeworks\libs\openFrameworks\3d\ofMesh.inl(1667,21): warning C4267: 'argument': conversion from 'size_t' to 'ofIndexType', possible loss of data (compiling source file ..\..\..\addons\ofxRaycaster\src\Ray.cpp)
C:\Program Files\Openframeworks\libs\openFrameworks\3d\ofMesh.inl(1669,23): warning C4267: 'argument': conversion from 'size_t' to 'ofIndexType', possible loss of data (compiling source file ..\..\..\addons\ofxRaycaster\src\Ray.cpp)
C:\Program Files\Openframeworks\libs\openFrameworks\3d\ofMesh.inl(1671,20): warning C4267: 'argument': conversion from 'size_t' to 'ofIndexType', possible loss of data (compiling source file ..\..\..\addons\ofxRaycaster\src\Ray.cpp)
LINK : warning LNK4075: ignoring '/INCREMENTAL' due to '/FORCE' specification
  PuppetParlour.vcxproj -> C:\Program Files\Openframeworks\apps\myApps\PuppetParlour\bin\PuppetParlour_debug.exe
  
  	                   2	C:\Program Files\Openframeworks\libs\fmod\lib\vs\x64\
  	  *EXTRA File 		 6942208	C:\Program Files\Openframeworks\apps\myApps\PuppetParlour\bin\FreeImage.dll
  	  *EXTRA File 		  539136	C:\Program Files\Openframeworks\apps\myApps\PuppetParlour\bin\libJavascript.dll
  	  *EXTRA File 		  159744	C:\Program Files\Openframeworks\apps\myApps\PuppetParlour\bin\nspr4.dll
  	    Older     		 1826304	C:\Program Files\Openframeworks\libs\fmod\lib\vs\x64\fmod.dll
  	    Older     		 2041856	C:\Program Files\Openframeworks\libs\fmod\lib\vs\x64\fmodL.dll
  
  	                   1	C:\Program Files\Openframeworks\libs\FreeImage\lib\vs\x64\
  	  *EXTRA File 		 1826304	C:\Program Files\Openframeworks\apps\myApps\PuppetParlour\bin\fmod.dll
  	  *EXTRA File 		 2041856	C:\Program Files\Openframeworks\apps\myApps\PuppetParlour\bin\fmodL.dll
  	  *EXTRA File 		  539136	C:\Program Files\Openframeworks\apps\myApps\PuppetParlour\bin\libJavascript.dll
  	  *EXTRA File 		  159744	C:\Program Files\Openframeworks\apps\myApps\PuppetParlour\bin\nspr4.dll
  	    Older     		 6942208	C:\Program Files\Openframeworks\libs\FreeImage\lib\vs\x64\FreeImage.dll
